
> blueshock@0.1.0 dev
> next dev -H 0.0.0.0

▲ Next.js 16.1.4 (Turbopack)
- Local:         http://localhost:3000
- Network:       http://0.0.0.0:3000
- Experiments (use with caution):
  · serverActions

✓ Starting...
Attention: Next.js now collects completely anonymous telemetry regarding usage.
This information is used to shape Next.js' roadmap and prioritize features.
You can learn more, including how to opt-out if you'd not like to participate in this anonymous program, by visiting the following URL:
https://nextjs.org/telemetry

✓ Ready in 1819ms
○ Compiling /test-cart-button ...
 GET /test-cart-button 200 in 5.7s (compile: 5.3s, render: 404ms)
TypeError: fetch failed
    at ignore-listed frames {
  [cause]: Error: getaddrinfo EAI_AGAIN via.placeholder.com
      at ignore-listed frames {
    errno: -3001,
    code: 'EAI_AGAIN',
    syscall: 'getaddrinfo',
    hostname: 'via.placeholder.com'
  }
}
✓ Compiled in 133ms
