
> blueshock@0.1.0 dev
> next dev

▲ Next.js 16.1.6 (Turbopack)
- Local:         http://localhost:3000
- Network:       http://192.168.0.2:3000
- Experiments (use with caution):
  · serverActions

✓ Starting...
⚠ The "middleware" file convention is deprecated. Please use "proxy" instead. Learn more: https://nextjs.org/docs/messages/middleware-to-proxy
✓ Ready in 1221ms
⨯ Error: Your project's URL and Key are required to create a Supabase client!

Check your Supabase project's API settings to find these values

https://supabase.com/dashboard/project/_/settings/api
    at <unknown> (https://supabase.com/dashboard/project/_/settings/api)
    at <unknown> (https://supabase.com/dashboard/project/_/settings/api)
    at middleware (middleware.ts:11:38)
   9 |   })
  10 |
> 11 |   const supabase = createServerClient(
     |                                      ^
  12 |     process.env.NEXT_PUBLIC_SUPABASE_URL!,
  13 |     process.env.NEXT_PUBLIC_SUPABASE_ANON_KEY!,
  14 |     {
 GET /dashboard/new 404 in 2.0s (compile: -252658µs, proxy.ts: 2.0s, render: 259ms)
○ Compiling /_not-found/page ...
⨯ Error: Your project's URL and Key are required to create a Supabase client!

Check your Supabase project's API settings to find these values

https://supabase.com/dashboard/project/_/settings/api
    at <unknown> (https://supabase.com/dashboard/project/_/settings/api)
    at <unknown> (https://supabase.com/dashboard/project/_/settings/api)
    at middleware (middleware.ts:11:38)
   9 |   })
  10 |
> 11 |   const supabase = createServerClient(
     |                                      ^
  12 |     process.env.NEXT_PUBLIC_SUPABASE_URL!,
  13 |     process.env.NEXT_PUBLIC_SUPABASE_ANON_KEY!,
  14 |     {
 GET /dashboard/new 404 in 76ms (compile: -19537µs, proxy.ts: 71ms, render: 24ms)
